<?xml version="1.0" encoding="UTF-8"?>
<!-- Generated by org.testng.reporters.JUnitReportReporter -->
<testsuite hostname="SHRAVIKA" name="com.selenium.testCases.testRun" tests="6" failures="0" timestamp="9 Oct 2021 06:38:53 GMT" time="120.236" errors="0">
  <testcase name="activityLogPageTest" time="10.122" classname="com.selenium.testCases.testRun"/>
  <testcase name="themePageTest" time="54.090" classname="com.selenium.testCases.testRun"/>
  <testcase name="attachmentPageTest" time="2.073" classname="com.selenium.testCases.testRun"/>
  <testcase name="commentPageTest" time="2.079" classname="com.selenium.testCases.testRun"/>
  <testcase name="epicPageTest" time="6.481" classname="com.selenium.testCases.testRun"/>
  <testcase name="loginpageTest" time="45.391" classname="com.selenium.testCases.testRun"/>
</testsuite> <!-- com.selenium.testCases.testRun -->
